Aug 30 10:06:11 newfish kernel: >>>>>>>>>>>>>>>>>> Dump Card State Begins <<<<<<<<<<<<<<<<<
Aug 30 10:06:11 newfish kernel: scsi1: Dumping Card State in Message-out phase, at SEQADDR 0x16b
Aug 30 10:06:11 newfish kernel: Card was paused
Aug 30 10:06:11 newfish kernel: ACCUM = 0xa0, SINDEX = 0x61, DINDEX = 0xe4, ARG_2 = 0x1
Aug 30 10:06:11 newfish kernel: HCNT = 0x0 SCBPTR = 0x1
Aug 30 10:06:11 newfish kernel: SCSIPHASE[0x0] SCSISIGI[0xa4] ERROR[0x0] SCSIBUSL[0xd]
Aug 30 10:06:11 newfish kernel: LASTPHASE[0xa0] SCSISEQ[0x12] SBLKCTL[0xa] SCSIRATE[0xc2]
Aug 30 10:06:11 newfish kernel: SEQCTL[0x10] SEQ_FLAGS[0x40] SSTAT0[0x0] SSTAT1[0x0]
Aug 30 10:06:11 newfish kernel: SSTAT2[0x0] SSTAT3[0x0] SIMODE0[0x8] SIMODE1[0xac]
Aug 30 10:06:11 newfish kernel: SXFRCTL0[0x88] DFCNTRL[0x0] DFSTATUS[0x89]
Aug 30 10:06:11 newfish kernel: STACK: 0xe1 0xe1 0x163 0x178
Aug 30 10:06:11 newfish kernel: SCB count = 12
Aug 30 10:06:11 newfish kernel: Kernel NEXTQSCB = 11
Aug 30 10:06:11 newfish kernel: Card NEXTQSCB = 4
Aug 30 10:06:12 newfish kernel: QINFIFO entries: 4
Aug 30 10:06:12 newfish kernel: Waiting Queue entries:
Aug 30 10:06:12 newfish kernel: Disconnected Queue entries: 2:7
Aug 30 10:06:12 newfish kernel: QOUTFIFO entries:
Aug 30 10:06:12 newfish kernel: Sequencer Free SCB List: 0 6 7 5 4 3 8 9 10 11 12 13 14 15 16 17 18 19 20 21 22 23 24 25 26 27 28 29 30 31
Aug 30 10:06:12 newfish kernel: Sequencer SCB Info:
Aug 30 10:06:12 newfish kernel: 0 SCB_CONTROL[0x0] SCB_SCSIID[0x17] SCB_LUN[0x0] SCB_TAG[0xff]
Aug 30 10:06:12 newfish kernel: 1 SCB_CONTROL[0x64] SCB_SCSIID[0x17] SCB_LUN[0x0] SCB_TAG[0x5]
Aug 30 10:06:12 newfish kernel: 2 SCB_CONTROL[0x64] SCB_SCSIID[0x17] SCB_LUN[0x0] SCB_TAG[0x7]
Aug 30 10:06:12 newfish kernel: 3 SCB_CONTROL[0xe0] SCB_SCSIID[0x7] SCB_LUN[0x0] SCB_TAG[0xff]
Aug 30 10:06:12 newfish kernel: 4 SCB_CONTROL[0xe0] SCB_SCSIID[0x7] SCB_LUN[0x0] SCB_TAG[0xff]
Aug 30 10:06:12 newfish kernel: 5 SCB_CONTROL[0xe0] SCB_SCSIID[0x17] SCB_LUN[0x0] SCB_TAG[0xff]
Aug 30 10:06:12 newfish kernel: 6 SCB_CONTROL[0x0] SCB_SCSIID[0x17] SCB_LUN[0x0] SCB_TAG[0xff]
Aug 30 10:06:12 newfish kernel: 7 SCB_CONTROL[0xe0] SCB_SCSIID[0x17] SCB_LUN[0x0] SCB_TAG[0xff]
Feb 20 21:20:06 server1 kernel: SLUB: Unable to allocate memory on node -1 (gfp=0x20)
Feb 20 21:20:06 server1 kernel:  cache: kmalloc-4096, object size: 4096, buffer size: 4096, default order: 3, min order: 0
Feb 20 21:20:06 server1 kernel:  node 0: slabs: 619, objs: 1641, free: 0
Feb 20 21:20:06 server1 kernel: swapper: page allocation failure. order:0, mode:0x4020
Feb 20 21:20:06 server1 kernel: Pid: 0, comm: swapper Not tainted 2.6.32.4 #1
Feb 20 21:20:06 server1 kernel: Call Trace:
Feb 20 21:20:06 server1 kernel: <IRQ>  [<ffffffff81084d3a>] ? __alloc_pages_nodemask+0x54a/0x670
Feb 20 21:20:06 server1 kernel: [<ffffffff810b1f8a>] ? __slab_alloc+0x69a/0x6b0
Feb 20 21:20:06 server1 kernel: [<ffffffff81710ee7>] ? __netdev_alloc_skb+0x17/0x40
Feb 20 21:20:06 server1 kernel: [<ffffffff8178309d>] ? tcp_v4_rcv+0x6bd/0x780
Feb 20 21:20:06 server1 kernel: [<ffffffff81710ee7>] ? __netdev_alloc_skb+0x17/0x40
Feb 20 21:20:06 server1 kernel: [<ffffffff810b2f0b>] ? __kmalloc_track_caller+0xcb/0x110
Feb 20 21:20:06 server1 kernel: [<ffffffff81710b6b>] ? __alloc_skb+0x6b/0x170
Feb 20 21:20:06 server1 kernel: [<ffffffff81710ee7>] ? __netdev_alloc_skb+0x17/0x40
Feb 20 21:20:06 server1 kernel: [<ffffffff8164fa29>] ? rtl8169_rx_fill+0xc9/0x220
Feb 20 21:20:06 server1 kernel: [<ffffffff8164fdc0>] ? rtl8169_rx_interrupt+0x240/0x520
Feb 20 21:20:06 server1 kernel: [<ffffffff81650236>] ? rtl8169_poll+0x56/0x240
Feb 20 21:20:06 server1 kernel: [<ffffffff8171d513>] ? net_rx_action+0x83/0x130
